::1 - - [Wed, 25 May 2016 02:35:14 GMT] "GET / HTTP/1.1" 200 4615 "-" "Mozilla/5.0 (Windows NT 6.3; WOW64) AppleWebKit/537.36 (KHTML, like Gecko) Chrome/50.0.2661.102 Safari/537.36"
::1 - - [Wed, 25 May 2016 02:35:14 GMT] "GET /components/bootstrap/dist/css/bootstrap.css HTTP/1.1" 200 4615 "http://localhost:3000/" "Mozilla/5.0 (Windows NT 6.3; WOW64) AppleWebKit/537.36 (KHTML, like Gecko) Chrome/50.0.2661.102 Safari/537.36"
::1 - - [Wed, 25 May 2016 02:35:14 GMT] "GET /styles/room.css HTTP/1.1" 200 4615 "http://localhost:3000/" "Mozilla/5.0 (Windows NT 6.3; WOW64) AppleWebKit/537.36 (KHTML, like Gecko) Chrome/50.0.2661.102 Safari/537.36"
::1 - - [Wed, 25 May 2016 02:35:14 GMT] "GET /charts/echarts.min.js HTTP/1.1" 200 4615 "http://localhost:3000/" "Mozilla/5.0 (Windows NT 6.3; WOW64) AppleWebKit/537.36 (KHTML, like Gecko) Chrome/50.0.2661.102 Safari/537.36"
::1 - - [Wed, 25 May 2016 02:35:14 GMT] "GET /socket.io/socket.io.js HTTP/1.1" 200 4615 "http://localhost:3000/" "Mozilla/5.0 (Windows NT 6.3; WOW64) AppleWebKit/537.36 (KHTML, like Gecko) Chrome/50.0.2661.102 Safari/537.36"
::1 - - [Wed, 25 May 2016 02:35:14 GMT] "GET /components/jquery/dist/jquery.js HTTP/1.1" 200 4615 "http://localhost:3000/" "Mozilla/5.0 (Windows NT 6.3; WOW64) AppleWebKit/537.36 (KHTML, like Gecko) Chrome/50.0.2661.102 Safari/537.36"
::1 - - [Wed, 25 May 2016 02:35:14 GMT] "GET /components/bootstrap/dist/js/bootstrap.js HTTP/1.1" 200 4615 "http://localhost:3000/" "Mozilla/5.0 (Windows NT 6.3; WOW64) AppleWebKit/537.36 (KHTML, like Gecko) Chrome/50.0.2661.102 Safari/537.36"
::1 - - [Wed, 25 May 2016 02:35:14 GMT] "GET /components/angular/angular.js HTTP/1.1" 200 4615 "http://localhost:3000/" "Mozilla/5.0 (Windows NT 6.3; WOW64) AppleWebKit/537.36 (KHTML, like Gecko) Chrome/50.0.2661.102 Safari/537.36"
::1 - - [Wed, 25 May 2016 02:35:14 GMT] "GET /components/angular-route/angular-route.min.js HTTP/1.1" 200 4615 "http://localhost:3000/" "Mozilla/5.0 (Windows NT 6.3; WOW64) AppleWebKit/537.36 (KHTML, like Gecko) Chrome/50.0.2661.102 Safari/537.36"
::1 - - [Wed, 25 May 2016 02:35:14 GMT] "GET /components/moment/moment.js HTTP/1.1" 200 4615 "http://localhost:3000/" "Mozilla/5.0 (Windows NT 6.3; WOW64) AppleWebKit/537.36 (KHTML, like Gecko) Chrome/50.0.2661.102 Safari/537.36"
::1 - - [Wed, 25 May 2016 02:35:14 GMT] "GET /components/moment/locale/zh-cn.js HTTP/1.1" 200 4615 "http://localhost:3000/" "Mozilla/5.0 (Windows NT 6.3; WOW64) AppleWebKit/537.36 (KHTML, like Gecko) Chrome/50.0.2661.102 Safari/537.36"
::1 - - [Wed, 25 May 2016 02:35:14 GMT] "GET /components/angular-moment/angular-moment.min.js HTTP/1.1" 200 4615 "http://localhost:3000/" "Mozilla/5.0 (Windows NT 6.3; WOW64) AppleWebKit/537.36 (KHTML, like Gecko) Chrome/50.0.2661.102 Safari/537.36"
::1 - - [Wed, 25 May 2016 02:35:14 GMT] "GET /chatRoom.js HTTP/1.1" 200 4615 "http://localhost:3000/" "Mozilla/5.0 (Windows NT 6.3; WOW64) AppleWebKit/537.36 (KHTML, like Gecko) Chrome/50.0.2661.102 Safari/537.36"
::1 - - [Wed, 25 May 2016 02:35:14 GMT] "GET /router.js HTTP/1.1" 200 4615 "http://localhost:3000/" "Mozilla/5.0 (Windows NT 6.3; WOW64) AppleWebKit/537.36 (KHTML, like Gecko) Chrome/50.0.2661.102 Safari/537.36"
::1 - - [Wed, 25 May 2016 02:35:14 GMT] "GET /charts/force.js HTTP/1.1" 200 4615 "http://localhost:3000/" "Mozilla/5.0 (Windows NT 6.3; WOW64) AppleWebKit/537.36 (KHTML, like Gecko) Chrome/50.0.2661.102 Safari/537.36"
::1 - - [Wed, 25 May 2016 02:35:14 GMT] "GET /services/socket.js HTTP/1.1" 200 4615 "http://localhost:3000/" "Mozilla/5.0 (Windows NT 6.3; WOW64) AppleWebKit/537.36 (KHTML, like Gecko) Chrome/50.0.2661.102 Safari/537.36"
::1 - - [Wed, 25 May 2016 02:35:14 GMT] "GET /charts/sensorData.js HTTP/1.1" 200 4615 "http://localhost:3000/" "Mozilla/5.0 (Windows NT 6.3; WOW64) AppleWebKit/537.36 (KHTML, like Gecko) Chrome/50.0.2661.102 Safari/537.36"
::1 - - [Wed, 25 May 2016 02:35:14 GMT] "GET /directives/auto-scroll-to-bottom.js HTTP/1.1" 200 4615 "http://localhost:3000/" "Mozilla/5.0 (Windows NT 6.3; WOW64) AppleWebKit/537.36 (KHTML, like Gecko) Chrome/50.0.2661.102 Safari/537.36"
::1 - - [Wed, 25 May 2016 02:35:14 GMT] "GET /directives/ctrl-enter-break-line.js HTTP/1.1" 200 4615 "http://localhost:3000/" "Mozilla/5.0 (Windows NT 6.3; WOW64) AppleWebKit/537.36 (KHTML, like Gecko) Chrome/50.0.2661.102 Safari/537.36"
::1 - - [Wed, 25 May 2016 02:35:14 GMT] "GET /controllers/login.js HTTP/1.1" 200 4615 "http://localhost:3000/" "Mozilla/5.0 (Windows NT 6.3; WOW64) AppleWebKit/537.36 (KHTML, like Gecko) Chrome/50.0.2661.102 Safari/537.36"
::1 - - [Wed, 25 May 2016 02:35:14 GMT] "GET /controllers/room.js HTTP/1.1" 200 4615 "http://localhost:3000/" "Mozilla/5.0 (Windows NT 6.3; WOW64) AppleWebKit/537.36 (KHTML, like Gecko) Chrome/50.0.2661.102 Safari/537.36"
::1 - - [Wed, 25 May 2016 02:35:14 GMT] "GET /controllers/rooms.js HTTP/1.1" 200 4615 "http://localhost:3000/" "Mozilla/5.0 (Windows NT 6.3; WOW64) AppleWebKit/537.36 (KHTML, like Gecko) Chrome/50.0.2661.102 Safari/537.36"
::1 - - [Wed, 25 May 2016 02:35:14 GMT] "GET /controllers/message-creator.js HTTP/1.1" 200 4615 "http://localhost:3000/" "Mozilla/5.0 (Windows NT 6.3; WOW64) AppleWebKit/537.36 (KHTML, like Gecko) Chrome/50.0.2661.102 Safari/537.36"
::1 - - [Wed, 25 May 2016 02:35:14 GMT] "GET /favicon.ico HTTP/1.1" 304 - "http://localhost:3000/" "Mozilla/5.0 (Windows NT 6.3; WOW64) AppleWebKit/537.36 (KHTML, like Gecko) Chrome/50.0.2661.102 Safari/537.36"
::1 - - [Wed, 25 May 2016 02:35:31 GMT] "GET / HTTP/1.1" 304 - "-" "Mozilla/5.0 (Windows NT 6.3; WOW64) AppleWebKit/537.36 (KHTML, like Gecko) Chrome/50.0.2661.102 Safari/537.36"
::1 - - [Wed, 25 May 2016 02:35:31 GMT] "GET /components/bootstrap/dist/css/bootstrap.css HTTP/1.1" 304 - "http://localhost:3000/" "Mozilla/5.0 (Windows NT 6.3; WOW64) AppleWebKit/537.36 (KHTML, like Gecko) Chrome/50.0.2661.102 Safari/537.36"
::1 - - [Wed, 25 May 2016 02:35:31 GMT] "GET /styles/room.css HTTP/1.1" 304 - "http://localhost:3000/" "Mozilla/5.0 (Windows NT 6.3; WOW64) AppleWebKit/537.36 (KHTML, like Gecko) Chrome/50.0.2661.102 Safari/537.36"
::1 - - [Wed, 25 May 2016 02:35:31 GMT] "GET /charts/echarts.min.js HTTP/1.1" 304 - "http://localhost:3000/" "Mozilla/5.0 (Windows NT 6.3; WOW64) AppleWebKit/537.36 (KHTML, like Gecko) Chrome/50.0.2661.102 Safari/537.36"
::1 - - [Wed, 25 May 2016 02:35:31 GMT] "GET /socket.io/socket.io.js HTTP/1.1" 304 - "http://localhost:3000/" "Mozilla/5.0 (Windows NT 6.3; WOW64) AppleWebKit/537.36 (KHTML, like Gecko) Chrome/50.0.2661.102 Safari/537.36"
::1 - - [Wed, 25 May 2016 02:35:31 GMT] "GET /components/jquery/dist/jquery.js HTTP/1.1" 304 - "http://localhost:3000/" "Mozilla/5.0 (Windows NT 6.3; WOW64) AppleWebKit/537.36 (KHTML, like Gecko) Chrome/50.0.2661.102 Safari/537.36"
::1 - - [Wed, 25 May 2016 02:35:31 GMT] "GET /components/bootstrap/dist/js/bootstrap.js HTTP/1.1" 304 - "http://localhost:3000/" "Mozilla/5.0 (Windows NT 6.3; WOW64) AppleWebKit/537.36 (KHTML, like Gecko) Chrome/50.0.2661.102 Safari/537.36"
::1 - - [Wed, 25 May 2016 02:35:31 GMT] "GET /components/angular/angular.js HTTP/1.1" 304 - "http://localhost:3000/" "Mozilla/5.0 (Windows NT 6.3; WOW64) AppleWebKit/537.36 (KHTML, like Gecko) Chrome/50.0.2661.102 Safari/537.36"
::1 - - [Wed, 25 May 2016 02:35:31 GMT] "GET /components/angular-route/angular-route.min.js HTTP/1.1" 304 - "http://localhost:3000/" "Mozilla/5.0 (Windows NT 6.3; WOW64) AppleWebKit/537.36 (KHTML, like Gecko) Chrome/50.0.2661.102 Safari/537.36"
::1 - - [Wed, 25 May 2016 02:35:31 GMT] "GET /components/moment/moment.js HTTP/1.1" 304 - "http://localhost:3000/" "Mozilla/5.0 (Windows NT 6.3; WOW64) AppleWebKit/537.36 (KHTML, like Gecko) Chrome/50.0.2661.102 Safari/537.36"
::1 - - [Wed, 25 May 2016 02:35:31 GMT] "GET /components/angular-moment/angular-moment.min.js HTTP/1.1" 304 - "http://localhost:3000/" "Mozilla/5.0 (Windows NT 6.3; WOW64) AppleWebKit/537.36 (KHTML, like Gecko) Chrome/50.0.2661.102 Safari/537.36"
::1 - - [Wed, 25 May 2016 02:35:31 GMT] "GET /components/moment/locale/zh-cn.js HTTP/1.1" 304 - "http://localhost:3000/" "Mozilla/5.0 (Windows NT 6.3; WOW64) AppleWebKit/537.36 (KHTML, like Gecko) Chrome/50.0.2661.102 Safari/537.36"
::1 - - [Wed, 25 May 2016 02:35:31 GMT] "GET /chatRoom.js HTTP/1.1" 304 - "http://localhost:3000/" "Mozilla/5.0 (Windows NT 6.3; WOW64) AppleWebKit/537.36 (KHTML, like Gecko) Chrome/50.0.2661.102 Safari/537.36"
::1 - - [Wed, 25 May 2016 02:35:31 GMT] "GET /router.js HTTP/1.1" 304 - "http://localhost:3000/" "Mozilla/5.0 (Windows NT 6.3; WOW64) AppleWebKit/537.36 (KHTML, like Gecko) Chrome/50.0.2661.102 Safari/537.36"
::1 - - [Wed, 25 May 2016 02:35:31 GMT] "GET /services/socket.js HTTP/1.1" 304 - "http://localhost:3000/" "Mozilla/5.0 (Windows NT 6.3; WOW64) AppleWebKit/537.36 (KHTML, like Gecko) Chrome/50.0.2661.102 Safari/537.36"
::1 - - [Wed, 25 May 2016 02:35:31 GMT] "GET /charts/force.js HTTP/1.1" 304 - "http://localhost:3000/" "Mozilla/5.0 (Windows NT 6.3; WOW64) AppleWebKit/537.36 (KHTML, like Gecko) Chrome/50.0.2661.102 Safari/537.36"
::1 - - [Wed, 25 May 2016 02:35:31 GMT] "GET /charts/sensorData.js HTTP/1.1" 304 - "http://localhost:3000/" "Mozilla/5.0 (Windows NT 6.3; WOW64) AppleWebKit/537.36 (KHTML, like Gecko) Chrome/50.0.2661.102 Safari/537.36"
::1 - - [Wed, 25 May 2016 02:35:31 GMT] "GET /directives/auto-scroll-to-bottom.js HTTP/1.1" 304 - "http://localhost:3000/" "Mozilla/5.0 (Windows NT 6.3; WOW64) AppleWebKit/537.36 (KHTML, like Gecko) Chrome/50.0.2661.102 Safari/537.36"
::1 - - [Wed, 25 May 2016 02:35:31 GMT] "GET /directives/ctrl-enter-break-line.js HTTP/1.1" 304 - "http://localhost:3000/" "Mozilla/5.0 (Windows NT 6.3; WOW64) AppleWebKit/537.36 (KHTML, like Gecko) Chrome/50.0.2661.102 Safari/537.36"
::1 - - [Wed, 25 May 2016 02:35:31 GMT] "GET /controllers/login.js HTTP/1.1" 304 - "http://localhost:3000/" "Mozilla/5.0 (Windows NT 6.3; WOW64) AppleWebKit/537.36 (KHTML, like Gecko) Chrome/50.0.2661.102 Safari/537.36"
::1 - - [Wed, 25 May 2016 02:35:31 GMT] "GET /controllers/room.js HTTP/1.1" 304 - "http://localhost:3000/" "Mozilla/5.0 (Windows NT 6.3; WOW64) AppleWebKit/537.36 (KHTML, like Gecko) Chrome/50.0.2661.102 Safari/537.36"
::1 - - [Wed, 25 May 2016 02:35:31 GMT] "GET /controllers/rooms.js HTTP/1.1" 304 - "http://localhost:3000/" "Mozilla/5.0 (Windows NT 6.3; WOW64) AppleWebKit/537.36 (KHTML, like Gecko) Chrome/50.0.2661.102 Safari/537.36"
::1 - - [Wed, 25 May 2016 02:35:31 GMT] "GET /controllers/message-creator.js HTTP/1.1" 304 - "http://localhost:3000/" "Mozilla/5.0 (Windows NT 6.3; WOW64) AppleWebKit/537.36 (KHTML, like Gecko) Chrome/50.0.2661.102 Safari/537.36"
::1 - - [Wed, 25 May 2016 02:35:31 GMT] "GET /favicon.ico HTTP/1.1" 304 - "http://localhost:3000/" "Mozilla/5.0 (Windows NT 6.3; WOW64) AppleWebKit/537.36 (KHTML, like Gecko) Chrome/50.0.2661.102 Safari/537.36"
::1 - - [Wed, 25 May 2016 02:35:35 GMT] "GET / HTTP/1.1" 304 - "-" "Mozilla/5.0 (Windows NT 6.3; WOW64) AppleWebKit/537.36 (KHTML, like Gecko) Chrome/50.0.2661.102 Safari/537.36"
::1 - - [Wed, 25 May 2016 02:35:35 GMT] "GET /components/bootstrap/dist/css/bootstrap.css HTTP/1.1" 304 - "http://localhost:3000/" "Mozilla/5.0 (Windows NT 6.3; WOW64) AppleWebKit/537.36 (KHTML, like Gecko) Chrome/50.0.2661.102 Safari/537.36"
::1 - - [Wed, 25 May 2016 02:35:35 GMT] "GET /styles/room.css HTTP/1.1" 304 - "http://localhost:3000/" "Mozilla/5.0 (Windows NT 6.3; WOW64) AppleWebKit/537.36 (KHTML, like Gecko) Chrome/50.0.2661.102 Safari/537.36"
::1 - - [Wed, 25 May 2016 02:35:35 GMT] "GET /charts/echarts.min.js HTTP/1.1" 304 - "http://localhost:3000/" "Mozilla/5.0 (Windows NT 6.3; WOW64) AppleWebKit/537.36 (KHTML, like Gecko) Chrome/50.0.2661.102 Safari/537.36"
::1 - - [Wed, 25 May 2016 02:35:35 GMT] "GET /socket.io/socket.io.js HTTP/1.1" 304 - "http://localhost:3000/" "Mozilla/5.0 (Windows NT 6.3; WOW64) AppleWebKit/537.36 (KHTML, like Gecko) Chrome/50.0.2661.102 Safari/537.36"
::1 - - [Wed, 25 May 2016 02:35:35 GMT] "GET /components/jquery/dist/jquery.js HTTP/1.1" 304 - "http://localhost:3000/" "Mozilla/5.0 (Windows NT 6.3; WOW64) AppleWebKit/537.36 (KHTML, like Gecko) Chrome/50.0.2661.102 Safari/537.36"
::1 - - [Wed, 25 May 2016 02:35:35 GMT] "GET /components/bootstrap/dist/js/bootstrap.js HTTP/1.1" 304 - "http://localhost:3000/" "Mozilla/5.0 (Windows NT 6.3; WOW64) AppleWebKit/537.36 (KHTML, like Gecko) Chrome/50.0.2661.102 Safari/537.36"
::1 - - [Wed, 25 May 2016 02:35:35 GMT] "GET /components/angular/angular.js HTTP/1.1" 304 - "http://localhost:3000/" "Mozilla/5.0 (Windows NT 6.3; WOW64) AppleWebKit/537.36 (KHTML, like Gecko) Chrome/50.0.2661.102 Safari/537.36"
::1 - - [Wed, 25 May 2016 02:35:35 GMT] "GET /components/angular-route/angular-route.min.js HTTP/1.1" 304 - "http://localhost:3000/" "Mozilla/5.0 (Windows NT 6.3; WOW64) AppleWebKit/537.36 (KHTML, like Gecko) Chrome/50.0.2661.102 Safari/537.36"
::1 - - [Wed, 25 May 2016 02:35:35 GMT] "GET /components/moment/moment.js HTTP/1.1" 304 - "http://localhost:3000/" "Mozilla/5.0 (Windows NT 6.3; WOW64) AppleWebKit/537.36 (KHTML, like Gecko) Chrome/50.0.2661.102 Safari/537.36"
::1 - - [Wed, 25 May 2016 02:35:35 GMT] "GET /components/angular-moment/angular-moment.min.js HTTP/1.1" 304 - "http://localhost:3000/" "Mozilla/5.0 (Windows NT 6.3; WOW64) AppleWebKit/537.36 (KHTML, like Gecko) Chrome/50.0.2661.102 Safari/537.36"
::1 - - [Wed, 25 May 2016 02:35:35 GMT] "GET /components/moment/locale/zh-cn.js HTTP/1.1" 304 - "http://localhost:3000/" "Mozilla/5.0 (Windows NT 6.3; WOW64) AppleWebKit/537.36 (KHTML, like Gecko) Chrome/50.0.2661.102 Safari/537.36"
::1 - - [Wed, 25 May 2016 02:35:35 GMT] "GET /chatRoom.js HTTP/1.1" 304 - "http://localhost:3000/" "Mozilla/5.0 (Windows NT 6.3; WOW64) AppleWebKit/537.36 (KHTML, like Gecko) Chrome/50.0.2661.102 Safari/537.36"
::1 - - [Wed, 25 May 2016 02:35:35 GMT] "GET /router.js HTTP/1.1" 304 - "http://localhost:3000/" "Mozilla/5.0 (Windows NT 6.3; WOW64) AppleWebKit/537.36 (KHTML, like Gecko) Chrome/50.0.2661.102 Safari/537.36"
::1 - - [Wed, 25 May 2016 02:35:35 GMT] "GET /services/socket.js HTTP/1.1" 304 - "http://localhost:3000/" "Mozilla/5.0 (Windows NT 6.3; WOW64) AppleWebKit/537.36 (KHTML, like Gecko) Chrome/50.0.2661.102 Safari/537.36"
::1 - - [Wed, 25 May 2016 02:35:35 GMT] "GET /charts/force.js HTTP/1.1" 304 - "http://localhost:3000/" "Mozilla/5.0 (Windows NT 6.3; WOW64) AppleWebKit/537.36 (KHTML, like Gecko) Chrome/50.0.2661.102 Safari/537.36"
::1 - - [Wed, 25 May 2016 02:35:35 GMT] "GET /charts/sensorData.js HTTP/1.1" 304 - "http://localhost:3000/" "Mozilla/5.0 (Windows NT 6.3; WOW64) AppleWebKit/537.36 (KHTML, like Gecko) Chrome/50.0.2661.102 Safari/537.36"
::1 - - [Wed, 25 May 2016 02:35:35 GMT] "GET /directives/auto-scroll-to-bottom.js HTTP/1.1" 304 - "http://localhost:3000/" "Mozilla/5.0 (Windows NT 6.3; WOW64) AppleWebKit/537.36 (KHTML, like Gecko) Chrome/50.0.2661.102 Safari/537.36"
::1 - - [Wed, 25 May 2016 02:35:35 GMT] "GET /directives/ctrl-enter-break-line.js HTTP/1.1" 304 - "http://localhost:3000/" "Mozilla/5.0 (Windows NT 6.3; WOW64) AppleWebKit/537.36 (KHTML, like Gecko) Chrome/50.0.2661.102 Safari/537.36"
::1 - - [Wed, 25 May 2016 02:35:35 GMT] "GET /controllers/login.js HTTP/1.1" 304 - "http://localhost:3000/" "Mozilla/5.0 (Windows NT 6.3; WOW64) AppleWebKit/537.36 (KHTML, like Gecko) Chrome/50.0.2661.102 Safari/537.36"
::1 - - [Wed, 25 May 2016 02:35:35 GMT] "GET /controllers/room.js HTTP/1.1" 304 - "http://localhost:3000/" "Mozilla/5.0 (Windows NT 6.3; WOW64) AppleWebKit/537.36 (KHTML, like Gecko) Chrome/50.0.2661.102 Safari/537.36"
::1 - - [Wed, 25 May 2016 02:35:35 GMT] "GET /controllers/rooms.js HTTP/1.1" 304 - "http://localhost:3000/" "Mozilla/5.0 (Windows NT 6.3; WOW64) AppleWebKit/537.36 (KHTML, like Gecko) Chrome/50.0.2661.102 Safari/537.36"
::1 - - [Wed, 25 May 2016 02:35:35 GMT] "GET /controllers/message-creator.js HTTP/1.1" 304 - "http://localhost:3000/" "Mozilla/5.0 (Windows NT 6.3; WOW64) AppleWebKit/537.36 (KHTML, like Gecko) Chrome/50.0.2661.102 Safari/537.36"
::1 - - [Wed, 25 May 2016 02:35:35 GMT] "GET /favicon.ico HTTP/1.1" 304 - "http://localhost:3000/" "Mozilla/5.0 (Windows NT 6.3; WOW64) AppleWebKit/537.36 (KHTML, like Gecko) Chrome/50.0.2661.102 Safari/537.36"
::1 - - [Wed, 25 May 2016 02:35:42 GMT] "GET / HTTP/1.1" 200 4615 "-" "Mozilla/5.0 (Windows NT 6.3; WOW64) AppleWebKit/537.36 (KHTML, like Gecko) Chrome/50.0.2661.102 Safari/537.36"
::1 - - [Wed, 25 May 2016 02:35:42 GMT] "GET /components/bootstrap/dist/css/bootstrap.css HTTP/1.1" 200 4615 "http://localhost:3003/" "Mozilla/5.0 (Windows NT 6.3; WOW64) AppleWebKit/537.36 (KHTML, like Gecko) Chrome/50.0.2661.102 Safari/537.36"
::1 - - [Wed, 25 May 2016 02:35:42 GMT] "GET /styles/room.css HTTP/1.1" 200 4615 "http://localhost:3003/" "Mozilla/5.0 (Windows NT 6.3; WOW64) AppleWebKit/537.36 (KHTML, like Gecko) Chrome/50.0.2661.102 Safari/537.36"
::1 - - [Wed, 25 May 2016 02:35:42 GMT] "GET /charts/echarts.min.js HTTP/1.1" 200 4615 "http://localhost:3003/" "Mozilla/5.0 (Windows NT 6.3; WOW64) AppleWebKit/537.36 (KHTML, like Gecko) Chrome/50.0.2661.102 Safari/537.36"
::1 - - [Wed, 25 May 2016 02:35:42 GMT] "GET /components/jquery/dist/jquery.js HTTP/1.1" 200 4615 "http://localhost:3003/" "Mozilla/5.0 (Windows NT 6.3; WOW64) AppleWebKit/537.36 (KHTML, like Gecko) Chrome/50.0.2661.102 Safari/537.36"
::1 - - [Wed, 25 May 2016 02:35:42 GMT] "GET /components/angular/angular.js HTTP/1.1" 200 4615 "http://localhost:3003/" "Mozilla/5.0 (Windows NT 6.3; WOW64) AppleWebKit/537.36 (KHTML, like Gecko) Chrome/50.0.2661.102 Safari/537.36"
::1 - - [Wed, 25 May 2016 02:35:42 GMT] "GET /components/bootstrap/dist/js/bootstrap.js HTTP/1.1" 200 4615 "http://localhost:3003/" "Mozilla/5.0 (Windows NT 6.3; WOW64) AppleWebKit/537.36 (KHTML, like Gecko) Chrome/50.0.2661.102 Safari/537.36"
::1 - - [Wed, 25 May 2016 02:35:42 GMT] "GET /components/angular-route/angular-route.min.js HTTP/1.1" 200 4615 "http://localhost:3003/" "Mozilla/5.0 (Windows NT 6.3; WOW64) AppleWebKit/537.36 (KHTML, like Gecko) Chrome/50.0.2661.102 Safari/537.36"
::1 - - [Wed, 25 May 2016 02:35:42 GMT] "GET /components/moment/moment.js HTTP/1.1" 200 4615 "http://localhost:3003/" "Mozilla/5.0 (Windows NT 6.3; WOW64) AppleWebKit/537.36 (KHTML, like Gecko) Chrome/50.0.2661.102 Safari/537.36"
::1 - - [Wed, 25 May 2016 02:35:42 GMT] "GET /components/angular-moment/angular-moment.min.js HTTP/1.1" 200 4615 "http://localhost:3003/" "Mozilla/5.0 (Windows NT 6.3; WOW64) AppleWebKit/537.36 (KHTML, like Gecko) Chrome/50.0.2661.102 Safari/537.36"
::1 - - [Wed, 25 May 2016 02:35:42 GMT] "GET /components/moment/locale/zh-cn.js HTTP/1.1" 200 4615 "http://localhost:3003/" "Mozilla/5.0 (Windows NT 6.3; WOW64) AppleWebKit/537.36 (KHTML, like Gecko) Chrome/50.0.2661.102 Safari/537.36"
::1 - - [Wed, 25 May 2016 02:35:42 GMT] "GET /router.js HTTP/1.1" 200 4615 "http://localhost:3003/" "Mozilla/5.0 (Windows NT 6.3; WOW64) AppleWebKit/537.36 (KHTML, like Gecko) Chrome/50.0.2661.102 Safari/537.36"
::1 - - [Wed, 25 May 2016 02:35:42 GMT] "GET /chatRoom.js HTTP/1.1" 200 4615 "http://localhost:3003/" "Mozilla/5.0 (Windows NT 6.3; WOW64) AppleWebKit/537.36 (KHTML, like Gecko) Chrome/50.0.2661.102 Safari/537.36"
::1 - - [Wed, 25 May 2016 02:35:42 GMT] "GET /services/socket.js HTTP/1.1" 200 4615 "http://localhost:3003/" "Mozilla/5.0 (Windows NT 6.3; WOW64) AppleWebKit/537.36 (KHTML, like Gecko) Chrome/50.0.2661.102 Safari/537.36"
::1 - - [Wed, 25 May 2016 02:35:42 GMT] "GET /charts/force.js HTTP/1.1" 200 4615 "http://localhost:3003/" "Mozilla/5.0 (Windows NT 6.3; WOW64) AppleWebKit/537.36 (KHTML, like Gecko) Chrome/50.0.2661.102 Safari/537.36"
::1 - - [Wed, 25 May 2016 02:35:42 GMT] "GET /charts/sensorData.js HTTP/1.1" 200 4615 "http://localhost:3003/" "Mozilla/5.0 (Windows NT 6.3; WOW64) AppleWebKit/537.36 (KHTML, like Gecko) Chrome/50.0.2661.102 Safari/537.36"
::1 - - [Wed, 25 May 2016 02:35:42 GMT] "GET /directives/auto-scroll-to-bottom.js HTTP/1.1" 200 4615 "http://localhost:3003/" "Mozilla/5.0 (Windows NT 6.3; WOW64) AppleWebKit/537.36 (KHTML, like Gecko) Chrome/50.0.2661.102 Safari/537.36"
::1 - - [Wed, 25 May 2016 02:35:42 GMT] "GET /directives/ctrl-enter-break-line.js HTTP/1.1" 200 4615 "http://localhost:3003/" "Mozilla/5.0 (Windows NT 6.3; WOW64) AppleWebKit/537.36 (KHTML, like Gecko) Chrome/50.0.2661.102 Safari/537.36"
::1 - - [Wed, 25 May 2016 02:35:42 GMT] "GET /controllers/login.js HTTP/1.1" 200 4615 "http://localhost:3003/" "Mozilla/5.0 (Windows NT 6.3; WOW64) AppleWebKit/537.36 (KHTML, like Gecko) Chrome/50.0.2661.102 Safari/537.36"
::1 - - [Wed, 25 May 2016 02:35:42 GMT] "GET /controllers/room.js HTTP/1.1" 200 4615 "http://localhost:3003/" "Mozilla/5.0 (Windows NT 6.3; WOW64) AppleWebKit/537.36 (KHTML, like Gecko) Chrome/50.0.2661.102 Safari/537.36"
::1 - - [Wed, 25 May 2016 02:35:42 GMT] "GET /controllers/rooms.js HTTP/1.1" 200 4615 "http://localhost:3003/" "Mozilla/5.0 (Windows NT 6.3; WOW64) AppleWebKit/537.36 (KHTML, like Gecko) Chrome/50.0.2661.102 Safari/537.36"
::1 - - [Wed, 25 May 2016 02:35:42 GMT] "GET /controllers/message-creator.js HTTP/1.1" 200 4615 "http://localhost:3003/" "Mozilla/5.0 (Windows NT 6.3; WOW64) AppleWebKit/537.36 (KHTML, like Gecko) Chrome/50.0.2661.102 Safari/537.36"
::1 - - [Wed, 25 May 2016 02:35:42 GMT] "GET /favicon.ico HTTP/1.1" 200 4615 "http://localhost:3003/" "Mozilla/5.0 (Windows NT 6.3; WOW64) AppleWebKit/537.36 (KHTML, like Gecko) Chrome/50.0.2661.102 Safari/537.36"
::1 - - [Wed, 25 May 2016 02:35:46 GMT] "GET / HTTP/1.1" 304 - "-" "Mozilla/5.0 (Windows NT 6.3; WOW64) AppleWebKit/537.36 (KHTML, like Gecko) Chrome/50.0.2661.102 Safari/537.36"
::1 - - [Wed, 25 May 2016 02:35:46 GMT] "GET /components/bootstrap/dist/css/bootstrap.css HTTP/1.1" 304 - "http://localhost:3003/" "Mozilla/5.0 (Windows NT 6.3; WOW64) AppleWebKit/537.36 (KHTML, like Gecko) Chrome/50.0.2661.102 Safari/537.36"
::1 - - [Wed, 25 May 2016 02:35:46 GMT] "GET /styles/room.css HTTP/1.1" 304 - "http://localhost:3003/" "Mozilla/5.0 (Windows NT 6.3; WOW64) AppleWebKit/537.36 (KHTML, like Gecko) Chrome/50.0.2661.102 Safari/537.36"
::1 - - [Wed, 25 May 2016 02:35:46 GMT] "GET /charts/echarts.min.js HTTP/1.1" 304 - "http://localhost:3003/" "Mozilla/5.0 (Windows NT 6.3; WOW64) AppleWebKit/537.36 (KHTML, like Gecko) Chrome/50.0.2661.102 Safari/537.36"
::1 - - [Wed, 25 May 2016 02:35:46 GMT] "GET /components/jquery/dist/jquery.js HTTP/1.1" 304 - "http://localhost:3003/" "Mozilla/5.0 (Windows NT 6.3; WOW64) AppleWebKit/537.36 (KHTML, like Gecko) Chrome/50.0.2661.102 Safari/537.36"
::1 - - [Wed, 25 May 2016 02:35:46 GMT] "GET /components/bootstrap/dist/js/bootstrap.js HTTP/1.1" 304 - "http://localhost:3003/" "Mozilla/5.0 (Windows NT 6.3; WOW64) AppleWebKit/537.36 (KHTML, like Gecko) Chrome/50.0.2661.102 Safari/537.36"
::1 - - [Wed, 25 May 2016 02:35:46 GMT] "GET /components/angular/angular.js HTTP/1.1" 304 - "http://localhost:3003/" "Mozilla/5.0 (Windows NT 6.3; WOW64) AppleWebKit/537.36 (KHTML, like Gecko) Chrome/50.0.2661.102 Safari/537.36"
::1 - - [Wed, 25 May 2016 02:35:46 GMT] "GET /components/angular-route/angular-route.min.js HTTP/1.1" 304 - "http://localhost:3003/" "Mozilla/5.0 (Windows NT 6.3; WOW64) AppleWebKit/537.36 (KHTML, like Gecko) Chrome/50.0.2661.102 Safari/537.36"
::1 - - [Wed, 25 May 2016 02:35:46 GMT] "GET /components/moment/moment.js HTTP/1.1" 304 - "http://localhost:3003/" "Mozilla/5.0 (Windows NT 6.3; WOW64) AppleWebKit/537.36 (KHTML, like Gecko) Chrome/50.0.2661.102 Safari/537.36"
::1 - - [Wed, 25 May 2016 02:35:46 GMT] "GET /components/angular-moment/angular-moment.min.js HTTP/1.1" 304 - "http://localhost:3003/" "Mozilla/5.0 (Windows NT 6.3; WOW64) AppleWebKit/537.36 (KHTML, like Gecko) Chrome/50.0.2661.102 Safari/537.36"
::1 - - [Wed, 25 May 2016 02:35:46 GMT] "GET /components/moment/locale/zh-cn.js HTTP/1.1" 304 - "http://localhost:3003/" "Mozilla/5.0 (Windows NT 6.3; WOW64) AppleWebKit/537.36 (KHTML, like Gecko) Chrome/50.0.2661.102 Safari/537.36"
::1 - - [Wed, 25 May 2016 02:35:46 GMT] "GET /chatRoom.js HTTP/1.1" 304 - "http://localhost:3003/" "Mozilla/5.0 (Windows NT 6.3; WOW64) AppleWebKit/537.36 (KHTML, like Gecko) Chrome/50.0.2661.102 Safari/537.36"
::1 - - [Wed, 25 May 2016 02:35:46 GMT] "GET /router.js HTTP/1.1" 304 - "http://localhost:3003/" "Mozilla/5.0 (Windows NT 6.3; WOW64) AppleWebKit/537.36 (KHTML, like Gecko) Chrome/50.0.2661.102 Safari/537.36"
::1 - - [Wed, 25 May 2016 02:35:46 GMT] "GET /services/socket.js HTTP/1.1" 304 - "http://localhost:3003/" "Mozilla/5.0 (Windows NT 6.3; WOW64) AppleWebKit/537.36 (KHTML, like Gecko) Chrome/50.0.2661.102 Safari/537.36"
::1 - - [Wed, 25 May 2016 02:35:46 GMT] "GET /charts/force.js HTTP/1.1" 304 - "http://localhost:3003/" "Mozilla/5.0 (Windows NT 6.3; WOW64) AppleWebKit/537.36 (KHTML, like Gecko) Chrome/50.0.2661.102 Safari/537.36"
::1 - - [Wed, 25 May 2016 02:35:46 GMT] "GET /charts/sensorData.js HTTP/1.1" 304 - "http://localhost:3003/" "Mozilla/5.0 (Windows NT 6.3; WOW64) AppleWebKit/537.36 (KHTML, like Gecko) Chrome/50.0.2661.102 Safari/537.36"
::1 - - [Wed, 25 May 2016 02:35:46 GMT] "GET /directives/auto-scroll-to-bottom.js HTTP/1.1" 304 - "http://localhost:3003/" "Mozilla/5.0 (Windows NT 6.3; WOW64) AppleWebKit/537.36 (KHTML, like Gecko) Chrome/50.0.2661.102 Safari/537.36"
::1 - - [Wed, 25 May 2016 02:35:46 GMT] "GET /directives/ctrl-enter-break-line.js HTTP/1.1" 304 - "http://localhost:3003/" "Mozilla/5.0 (Windows NT 6.3; WOW64) AppleWebKit/537.36 (KHTML, like Gecko) Chrome/50.0.2661.102 Safari/537.36"
::1 - - [Wed, 25 May 2016 02:35:46 GMT] "GET /controllers/login.js HTTP/1.1" 304 - "http://localhost:3003/" "Mozilla/5.0 (Windows NT 6.3; WOW64) AppleWebKit/537.36 (KHTML, like Gecko) Chrome/50.0.2661.102 Safari/537.36"
::1 - - [Wed, 25 May 2016 02:35:46 GMT] "GET /controllers/room.js HTTP/1.1" 304 - "http://localhost:3003/" "Mozilla/5.0 (Windows NT 6.3; WOW64) AppleWebKit/537.36 (KHTML, like Gecko) Chrome/50.0.2661.102 Safari/537.36"
::1 - - [Wed, 25 May 2016 02:35:46 GMT] "GET /controllers/rooms.js HTTP/1.1" 304 - "http://localhost:3003/" "Mozilla/5.0 (Windows NT 6.3; WOW64) AppleWebKit/537.36 (KHTML, like Gecko) Chrome/50.0.2661.102 Safari/537.36"
::1 - - [Wed, 25 May 2016 02:35:46 GMT] "GET /controllers/message-creator.js HTTP/1.1" 304 - "http://localhost:3003/" "Mozilla/5.0 (Windows NT 6.3; WOW64) AppleWebKit/537.36 (KHTML, like Gecko) Chrome/50.0.2661.102 Safari/537.36"
::1 - - [Wed, 25 May 2016 02:35:46 GMT] "GET /favicon.ico HTTP/1.1" 304 - "http://localhost:3003/" "Mozilla/5.0 (Windows NT 6.3; WOW64) AppleWebKit/537.36 (KHTML, like Gecko) Chrome/50.0.2661.102 Safari/537.36"
::1 - - [Wed, 25 May 2016 02:35:53 GMT] "GET / HTTP/1.1" 304 - "-" "Mozilla/5.0 (Windows NT 6.3; WOW64) AppleWebKit/537.36 (KHTML, like Gecko) Chrome/50.0.2661.102 Safari/537.36"
::1 - - [Wed, 25 May 2016 02:35:53 GMT] "GET /components/bootstrap/dist/css/bootstrap.css HTTP/1.1" 304 - "http://localhost:3003/" "Mozilla/5.0 (Windows NT 6.3; WOW64) AppleWebKit/537.36 (KHTML, like Gecko) Chrome/50.0.2661.102 Safari/537.36"
::1 - - [Wed, 25 May 2016 02:35:53 GMT] "GET /styles/room.css HTTP/1.1" 304 - "http://localhost:3003/" "Mozilla/5.0 (Windows NT 6.3; WOW64) AppleWebKit/537.36 (KHTML, like Gecko) Chrome/50.0.2661.102 Safari/537.36"
::1 - - [Wed, 25 May 2016 02:35:53 GMT] "GET /charts/echarts.min.js HTTP/1.1" 304 - "http://localhost:3003/" "Mozilla/5.0 (Windows NT 6.3; WOW64) AppleWebKit/537.36 (KHTML, like Gecko) Chrome/50.0.2661.102 Safari/537.36"
::1 - - [Wed, 25 May 2016 02:35:53 GMT] "GET /components/jquery/dist/jquery.js HTTP/1.1" 304 - "http://localhost:3003/" "Mozilla/5.0 (Windows NT 6.3; WOW64) AppleWebKit/537.36 (KHTML, like Gecko) Chrome/50.0.2661.102 Safari/537.36"
::1 - - [Wed, 25 May 2016 02:35:53 GMT] "GET /components/bootstrap/dist/js/bootstrap.js HTTP/1.1" 304 - "http://localhost:3003/" "Mozilla/5.0 (Windows NT 6.3; WOW64) AppleWebKit/537.36 (KHTML, like Gecko) Chrome/50.0.2661.102 Safari/537.36"
::1 - - [Wed, 25 May 2016 02:35:53 GMT] "GET /components/angular/angular.js HTTP/1.1" 304 - "http://localhost:3003/" "Mozilla/5.0 (Windows NT 6.3; WOW64) AppleWebKit/537.36 (KHTML, like Gecko) Chrome/50.0.2661.102 Safari/537.36"
::1 - - [Wed, 25 May 2016 02:35:53 GMT] "GET /components/angular-route/angular-route.min.js HTTP/1.1" 304 - "http://localhost:3003/" "Mozilla/5.0 (Windows NT 6.3; WOW64) AppleWebKit/537.36 (KHTML, like Gecko) Chrome/50.0.2661.102 Safari/537.36"
::1 - - [Wed, 25 May 2016 02:35:53 GMT] "GET /components/moment/moment.js HTTP/1.1" 304 - "http://localhost:3003/" "Mozilla/5.0 (Windows NT 6.3; WOW64) AppleWebKit/537.36 (KHTML, like Gecko) Chrome/50.0.2661.102 Safari/537.36"
::1 - - [Wed, 25 May 2016 02:35:53 GMT] "GET /components/angular-moment/angular-moment.min.js HTTP/1.1" 304 - "http://localhost:3003/" "Mozilla/5.0 (Windows NT 6.3; WOW64) AppleWebKit/537.36 (KHTML, like Gecko) Chrome/50.0.2661.102 Safari/537.36"
::1 - - [Wed, 25 May 2016 02:35:53 GMT] "GET /components/moment/locale/zh-cn.js HTTP/1.1" 304 - "http://localhost:3003/" "Mozilla/5.0 (Windows NT 6.3; WOW64) AppleWebKit/537.36 (KHTML, like Gecko) Chrome/50.0.2661.102 Safari/537.36"
::1 - - [Wed, 25 May 2016 02:35:53 GMT] "GET /chatRoom.js HTTP/1.1" 304 - "http://localhost:3003/" "Mozilla/5.0 (Windows NT 6.3; WOW64) AppleWebKit/537.36 (KHTML, like Gecko) Chrome/50.0.2661.102 Safari/537.36"
::1 - - [Wed, 25 May 2016 02:35:53 GMT] "GET /router.js HTTP/1.1" 304 - "http://localhost:3003/" "Mozilla/5.0 (Windows NT 6.3; WOW64) AppleWebKit/537.36 (KHTML, like Gecko) Chrome/50.0.2661.102 Safari/537.36"
::1 - - [Wed, 25 May 2016 02:35:53 GMT] "GET /services/socket.js HTTP/1.1" 304 - "http://localhost:3003/" "Mozilla/5.0 (Windows NT 6.3; WOW64) AppleWebKit/537.36 (KHTML, like Gecko) Chrome/50.0.2661.102 Safari/537.36"
::1 - - [Wed, 25 May 2016 02:35:53 GMT] "GET /charts/force.js HTTP/1.1" 304 - "http://localhost:3003/" "Mozilla/5.0 (Windows NT 6.3; WOW64) AppleWebKit/537.36 (KHTML, like Gecko) Chrome/50.0.2661.102 Safari/537.36"
::1 - - [Wed, 25 May 2016 02:35:53 GMT] "GET /charts/sensorData.js HTTP/1.1" 304 - "http://localhost:3003/" "Mozilla/5.0 (Windows NT 6.3; WOW64) AppleWebKit/537.36 (KHTML, like Gecko) Chrome/50.0.2661.102 Safari/537.36"
::1 - - [Wed, 25 May 2016 02:35:53 GMT] "GET /directives/auto-scroll-to-bottom.js HTTP/1.1" 304 - "http://localhost:3003/" "Mozilla/5.0 (Windows NT 6.3; WOW64) AppleWebKit/537.36 (KHTML, like Gecko) Chrome/50.0.2661.102 Safari/537.36"
::1 - - [Wed, 25 May 2016 02:35:53 GMT] "GET /directives/ctrl-enter-break-line.js HTTP/1.1" 304 - "http://localhost:3003/" "Mozilla/5.0 (Windows NT 6.3; WOW64) AppleWebKit/537.36 (KHTML, like Gecko) Chrome/50.0.2661.102 Safari/537.36"
::1 - - [Wed, 25 May 2016 02:35:53 GMT] "GET /controllers/login.js HTTP/1.1" 304 - "http://localhost:3003/" "Mozilla/5.0 (Windows NT 6.3; WOW64) AppleWebKit/537.36 (KHTML, like Gecko) Chrome/50.0.2661.102 Safari/537.36"
::1 - - [Wed, 25 May 2016 02:35:53 GMT] "GET /controllers/room.js HTTP/1.1" 304 - "http://localhost:3003/" "Mozilla/5.0 (Windows NT 6.3; WOW64) AppleWebKit/537.36 (KHTML, like Gecko) Chrome/50.0.2661.102 Safari/537.36"
::1 - - [Wed, 25 May 2016 02:35:53 GMT] "GET /controllers/rooms.js HTTP/1.1" 304 - "http://localhost:3003/" "Mozilla/5.0 (Windows NT 6.3; WOW64) AppleWebKit/537.36 (KHTML, like Gecko) Chrome/50.0.2661.102 Safari/537.36"
::1 - - [Wed, 25 May 2016 02:35:53 GMT] "GET /controllers/message-creator.js HTTP/1.1" 304 - "http://localhost:3003/" "Mozilla/5.0 (Windows NT 6.3; WOW64) AppleWebKit/537.36 (KHTML, like Gecko) Chrome/50.0.2661.102 Safari/537.36"
::1 - - [Wed, 25 May 2016 02:35:53 GMT] "GET /favicon.ico HTTP/1.1" 200 4615 "http://localhost:3003/" "Mozilla/5.0 (Windows NT 6.3; WOW64) AppleWebKit/537.36 (KHTML, like Gecko) Chrome/50.0.2661.102 Safari/537.36"
::1 - - [Wed, 25 May 2016 02:35:55 GMT] "GET / HTTP/1.1" 304 - "-" "Mozilla/5.0 (Windows NT 6.3; WOW64) AppleWebKit/537.36 (KHTML, like Gecko) Chrome/50.0.2661.102 Safari/537.36"
::1 - - [Wed, 25 May 2016 02:35:55 GMT] "GET /components/bootstrap/dist/css/bootstrap.css HTTP/1.1" 304 - "http://localhost:3003/" "Mozilla/5.0 (Windows NT 6.3; WOW64) AppleWebKit/537.36 (KHTML, like Gecko) Chrome/50.0.2661.102 Safari/537.36"
::1 - - [Wed, 25 May 2016 02:35:55 GMT] "GET /styles/room.css HTTP/1.1" 304 - "http://localhost:3003/" "Mozilla/5.0 (Windows NT 6.3; WOW64) AppleWebKit/537.36 (KHTML, like Gecko) Chrome/50.0.2661.102 Safari/537.36"
::1 - - [Wed, 25 May 2016 02:35:55 GMT] "GET /charts/echarts.min.js HTTP/1.1" 304 - "http://localhost:3003/" "Mozilla/5.0 (Windows NT 6.3; WOW64) AppleWebKit/537.36 (KHTML, like Gecko) Chrome/50.0.2661.102 Safari/537.36"
::1 - - [Wed, 25 May 2016 02:35:55 GMT] "GET /components/jquery/dist/jquery.js HTTP/1.1" 304 - "http://localhost:3003/" "Mozilla/5.0 (Windows NT 6.3; WOW64) AppleWebKit/537.36 (KHTML, like Gecko) Chrome/50.0.2661.102 Safari/537.36"
::1 - - [Wed, 25 May 2016 02:35:55 GMT] "GET /components/bootstrap/dist/js/bootstrap.js HTTP/1.1" 304 - "http://localhost:3003/" "Mozilla/5.0 (Windows NT 6.3; WOW64) AppleWebKit/537.36 (KHTML, like Gecko) Chrome/50.0.2661.102 Safari/537.36"
::1 - - [Wed, 25 May 2016 02:35:55 GMT] "GET /components/angular/angular.js HTTP/1.1" 304 - "http://localhost:3003/" "Mozilla/5.0 (Windows NT 6.3; WOW64) AppleWebKit/537.36 (KHTML, like Gecko) Chrome/50.0.2661.102 Safari/537.36"
::1 - - [Wed, 25 May 2016 02:35:55 GMT] "GET /components/angular-route/angular-route.min.js HTTP/1.1" 304 - "http://localhost:3003/" "Mozilla/5.0 (Windows NT 6.3; WOW64) AppleWebKit/537.36 (KHTML, like Gecko) Chrome/50.0.2661.102 Safari/537.36"
::1 - - [Wed, 25 May 2016 02:35:55 GMT] "GET /components/moment/moment.js HTTP/1.1" 304 - "http://localhost:3003/" "Mozilla/5.0 (Windows NT 6.3; WOW64) AppleWebKit/537.36 (KHTML, like Gecko) Chrome/50.0.2661.102 Safari/537.36"
::1 - - [Wed, 25 May 2016 02:35:55 GMT] "GET /components/angular-moment/angular-moment.min.js HTTP/1.1" 304 - "http://localhost:3003/" "Mozilla/5.0 (Windows NT 6.3; WOW64) AppleWebKit/537.36 (KHTML, like Gecko) Chrome/50.0.2661.102 Safari/537.36"
::1 - - [Wed, 25 May 2016 02:35:55 GMT] "GET /components/moment/locale/zh-cn.js HTTP/1.1" 304 - "http://localhost:3003/" "Mozilla/5.0 (Windows NT 6.3; WOW64) AppleWebKit/537.36 (KHTML, like Gecko) Chrome/50.0.2661.102 Safari/537.36"
::1 - - [Wed, 25 May 2016 02:35:55 GMT] "GET /chatRoom.js HTTP/1.1" 304 - "http://localhost:3003/" "Mozilla/5.0 (Windows NT 6.3; WOW64) AppleWebKit/537.36 (KHTML, like Gecko) Chrome/50.0.2661.102 Safari/537.36"
::1 - - [Wed, 25 May 2016 02:35:55 GMT] "GET /router.js HTTP/1.1" 304 - "http://localhost:3003/" "Mozilla/5.0 (Windows NT 6.3; WOW64) AppleWebKit/537.36 (KHTML, like Gecko) Chrome/50.0.2661.102 Safari/537.36"
::1 - - [Wed, 25 May 2016 02:35:55 GMT] "GET /services/socket.js HTTP/1.1" 304 - "http://localhost:3003/" "Mozilla/5.0 (Windows NT 6.3; WOW64) AppleWebKit/537.36 (KHTML, like Gecko) Chrome/50.0.2661.102 Safari/537.36"
::1 - - [Wed, 25 May 2016 02:35:55 GMT] "GET /charts/force.js HTTP/1.1" 304 - "http://localhost:3003/" "Mozilla/5.0 (Windows NT 6.3; WOW64) AppleWebKit/537.36 (KHTML, like Gecko) Chrome/50.0.2661.102 Safari/537.36"
::1 - - [Wed, 25 May 2016 02:35:55 GMT] "GET /charts/sensorData.js HTTP/1.1" 304 - "http://localhost:3003/" "Mozilla/5.0 (Windows NT 6.3; WOW64) AppleWebKit/537.36 (KHTML, like Gecko) Chrome/50.0.2661.102 Safari/537.36"
::1 - - [Wed, 25 May 2016 02:35:55 GMT] "GET /directives/auto-scroll-to-bottom.js HTTP/1.1" 304 - "http://localhost:3003/" "Mozilla/5.0 (Windows NT 6.3; WOW64) AppleWebKit/537.36 (KHTML, like Gecko) Chrome/50.0.2661.102 Safari/537.36"
::1 - - [Wed, 25 May 2016 02:35:55 GMT] "GET /directives/ctrl-enter-break-line.js HTTP/1.1" 304 - "http://localhost:3003/" "Mozilla/5.0 (Windows NT 6.3; WOW64) AppleWebKit/537.36 (KHTML, like Gecko) Chrome/50.0.2661.102 Safari/537.36"
::1 - - [Wed, 25 May 2016 02:35:55 GMT] "GET /controllers/login.js HTTP/1.1" 304 - "http://localhost:3003/" "Mozilla/5.0 (Windows NT 6.3; WOW64) AppleWebKit/537.36 (KHTML, like Gecko) Chrome/50.0.2661.102 Safari/537.36"
::1 - - [Wed, 25 May 2016 02:35:55 GMT] "GET /controllers/room.js HTTP/1.1" 304 - "http://localhost:3003/" "Mozilla/5.0 (Windows NT 6.3; WOW64) AppleWebKit/537.36 (KHTML, like Gecko) Chrome/50.0.2661.102 Safari/537.36"
::1 - - [Wed, 25 May 2016 02:35:55 GMT] "GET /controllers/rooms.js HTTP/1.1" 304 - "http://localhost:3003/" "Mozilla/5.0 (Windows NT 6.3; WOW64) AppleWebKit/537.36 (KHTML, like Gecko) Chrome/50.0.2661.102 Safari/537.36"
::1 - - [Wed, 25 May 2016 02:35:55 GMT] "GET /controllers/message-creator.js HTTP/1.1" 304 - "http://localhost:3003/" "Mozilla/5.0 (Windows NT 6.3; WOW64) AppleWebKit/537.36 (KHTML, like Gecko) Chrome/50.0.2661.102 Safari/537.36"
::1 - - [Wed, 25 May 2016 02:35:55 GMT] "GET /favicon.ico HTTP/1.1" 304 - "http://localhost:3003/" "Mozilla/5.0 (Windows NT 6.3; WOW64) AppleWebKit/537.36 (KHTML, like Gecko) Chrome/50.0.2661.102 Safari/537.36"
::1 - - [Wed, 25 May 2016 02:35:57 GMT] "GET /components/bootstrap/dist/css/bootstrap.css HTTP/1.1" 304 - "http://localhost:3003/" "Mozilla/5.0 (Windows NT 6.3; WOW64) AppleWebKit/537.36 (KHTML, like Gecko) Chrome/50.0.2661.102 Safari/537.36"
::1 - - [Wed, 25 May 2016 02:35:57 GMT] "GET /styles/room.css HTTP/1.1" 304 - "http://localhost:3003/" "Mozilla/5.0 (Windows NT 6.3; WOW64) AppleWebKit/537.36 (KHTML, like Gecko) Chrome/50.0.2661.102 Safari/537.36"
::1 - - [Wed, 25 May 2016 02:37:04 GMT] "GET / HTTP/1.1" 404 13 "-" "Mozilla/5.0 (Windows NT 6.3; WOW64) AppleWebKit/537.36 (KHTML, like Gecko) Chrome/50.0.2661.102 Safari/537.36"
::1 - - [Wed, 25 May 2016 02:37:04 GMT] "GET /favicon.ico HTTP/1.1" 404 24 "http://localhost:3003/" "Mozilla/5.0 (Windows NT 6.3; WOW64) AppleWebKit/537.36 (KHTML, like Gecko) Chrome/50.0.2661.102 Safari/537.36"
::1 - - [Wed, 25 May 2016 02:37:12 GMT] "GET / HTTP/1.1" 404 13 "-" "Mozilla/5.0 (Windows NT 6.3; WOW64) AppleWebKit/537.36 (KHTML, like Gecko) Chrome/50.0.2661.102 Safari/537.36"
::1 - - [Wed, 25 May 2016 02:37:15 GMT] "GET / HTTP/1.1" 404 13 "-" "Mozilla/5.0 (Windows NT 6.3; WOW64) AppleWebKit/537.36 (KHTML, like Gecko) Chrome/50.0.2661.102 Safari/537.36"
::1 - - [Wed, 25 May 2016 02:37:15 GMT] "GET /favicon.ico HTTP/1.1" 404 24 "http://localhost:3000/" "Mozilla/5.0 (Windows NT 6.3; WOW64) AppleWebKit/537.36 (KHTML, like Gecko) Chrome/50.0.2661.102 Safari/537.36"
::1 - - [Wed, 25 May 2016 02:37:15 GMT] "GET / HTTP/1.1" 404 13 "-" "Mozilla/5.0 (Windows NT 6.3; WOW64) AppleWebKit/537.36 (KHTML, like Gecko) Chrome/50.0.2661.102 Safari/537.36"
::1 - - [Wed, 25 May 2016 02:37:19 GMT] "GET / HTTP/1.1" 404 13 "-" "Mozilla/5.0 (Windows NT 6.3; WOW64) AppleWebKit/537.36 (KHTML, like Gecko) Chrome/50.0.2661.102 Safari/537.36"
::1 - - [Wed, 25 May 2016 02:37:20 GMT] "GET / HTTP/1.1" 404 13 "-" "Mozilla/5.0 (Windows NT 6.3; WOW64) AppleWebKit/537.36 (KHTML, like Gecko) Chrome/50.0.2661.102 Safari/537.36"
::1 - - [Wed, 25 May 2016 02:37:50 GMT] "GET / HTTP/1.1" 200 4615 "-" "Mozilla/5.0 (Windows NT 6.3; WOW64) AppleWebKit/537.36 (KHTML, like Gecko) Chrome/50.0.2661.102 Safari/537.36"
::1 - - [Wed, 25 May 2016 02:37:50 GMT] "GET /styles/room.css HTTP/1.1" 200 - "http://localhost:3003/" "Mozilla/5.0 (Windows NT 6.3; WOW64) AppleWebKit/537.36 (KHTML, like Gecko) Chrome/50.0.2661.102 Safari/537.36"
::1 - - [Wed, 25 May 2016 02:37:50 GMT] "GET /components/bootstrap/dist/css/bootstrap.css HTTP/1.1" 200 146082 "http://localhost:3003/" "Mozilla/5.0 (Windows NT 6.3; WOW64) AppleWebKit/537.36 (KHTML, like Gecko) Chrome/50.0.2661.102 Safari/537.36"
::1 - - [Wed, 25 May 2016 02:37:50 GMT] "GET /components/bootstrap/dist/js/bootstrap.js HTTP/1.1" 200 68954 "http://localhost:3003/" "Mozilla/5.0 (Windows NT 6.3; WOW64) AppleWebKit/537.36 (KHTML, like Gecko) Chrome/50.0.2661.102 Safari/537.36"
::1 - - [Wed, 25 May 2016 02:37:50 GMT] "GET /components/angular-route/angular-route.min.js HTTP/1.1" 200 4572 "http://localhost:3003/" "Mozilla/5.0 (Windows NT 6.3; WOW64) AppleWebKit/537.36 (KHTML, like Gecko) Chrome/50.0.2661.102 Safari/537.36"
::1 - - [Wed, 25 May 2016 02:37:50 GMT] "GET /components/angular-moment/angular-moment.min.js HTTP/1.1" 200 4935 "http://localhost:3003/" "Mozilla/5.0 (Windows NT 6.3; WOW64) AppleWebKit/537.36 (KHTML, like Gecko) Chrome/50.0.2661.102 Safari/537.36"
::1 - - [Wed, 25 May 2016 02:37:50 GMT] "GET /components/moment/moment.js HTTP/1.1" 200 107603 "http://localhost:3003/" "Mozilla/5.0 (Windows NT 6.3; WOW64) AppleWebKit/537.36 (KHTML, like Gecko) Chrome/50.0.2661.102 Safari/537.36"
::1 - - [Wed, 25 May 2016 02:37:50 GMT] "GET /components/moment/locale/zh-cn.js HTTP/1.1" 200 4889 "http://localhost:3003/" "Mozilla/5.0 (Windows NT 6.3; WOW64) AppleWebKit/537.36 (KHTML, like Gecko) Chrome/50.0.2661.102 Safari/537.36"
::1 - - [Wed, 25 May 2016 02:37:50 GMT] "GET /components/jquery/dist/jquery.js HTTP/1.1" 200 268490 "http://localhost:3003/" "Mozilla/5.0 (Windows NT 6.3; WOW64) AppleWebKit/537.36 (KHTML, like Gecko) Chrome/50.0.2661.102 Safari/537.36"
::1 - - [Wed, 25 May 2016 02:37:50 GMT] "GET /chatRoom.js HTTP/1.1" 200 621 "http://localhost:3003/" "Mozilla/5.0 (Windows NT 6.3; WOW64) AppleWebKit/537.36 (KHTML, like Gecko) Chrome/50.0.2661.102 Safari/537.36"
::1 - - [Wed, 25 May 2016 02:37:50 GMT] "GET /router.js HTTP/1.1" 200 452 "http://localhost:3003/" "Mozilla/5.0 (Windows NT 6.3; WOW64) AppleWebKit/537.36 (KHTML, like Gecko) Chrome/50.0.2661.102 Safari/537.36"
::1 - - [Wed, 25 May 2016 02:37:50 GMT] "GET /services/socket.js HTTP/1.1" 200 552 "http://localhost:3003/" "Mozilla/5.0 (Windows NT 6.3; WOW64) AppleWebKit/537.36 (KHTML, like Gecko) Chrome/50.0.2661.102 Safari/537.36"
::1 - - [Wed, 25 May 2016 02:37:50 GMT] "GET /directives/auto-scroll-to-bottom.js HTTP/1.1" 200 318 "http://localhost:3003/" "Mozilla/5.0 (Windows NT 6.3; WOW64) AppleWebKit/537.36 (KHTML, like Gecko) Chrome/50.0.2661.102 Safari/537.36"
::1 - - [Wed, 25 May 2016 02:37:50 GMT] "GET /charts/force.js HTTP/1.1" 200 25343 "http://localhost:3003/" "Mozilla/5.0 (Windows NT 6.3; WOW64) AppleWebKit/537.36 (KHTML, like Gecko) Chrome/50.0.2661.102 Safari/537.36"
::1 - - [Wed, 25 May 2016 02:37:50 GMT] "GET /directives/ctrl-enter-break-line.js HTTP/1.1" 200 540 "http://localhost:3003/" "Mozilla/5.0 (Windows NT 6.3; WOW64) AppleWebKit/537.36 (KHTML, like Gecko) Chrome/50.0.2661.102 Safari/537.36"
::1 - - [Wed, 25 May 2016 02:37:50 GMT] "GET /charts/sensorData.js HTTP/1.1" 200 18024 "http://localhost:3003/" "Mozilla/5.0 (Windows NT 6.3; WOW64) AppleWebKit/537.36 (KHTML, like Gecko) Chrome/50.0.2661.102 Safari/537.36"
::1 - - [Wed, 25 May 2016 02:37:50 GMT] "GET /controllers/login.js HTTP/1.1" 200 377 "http://localhost:3003/" "Mozilla/5.0 (Windows NT 6.3; WOW64) AppleWebKit/537.36 (KHTML, like Gecko) Chrome/50.0.2661.102 Safari/537.36"
::1 - - [Wed, 25 May 2016 02:37:50 GMT] "GET /charts/echarts.min.js HTTP/1.1" 200 476229 "http://localhost:3003/" "Mozilla/5.0 (Windows NT 6.3; WOW64) AppleWebKit/537.36 (KHTML, like Gecko) Chrome/50.0.2661.102 Safari/537.36"
::1 - - [Wed, 25 May 2016 02:37:50 GMT] "GET /controllers/message-creator.js HTTP/1.1" 200 361 "http://localhost:3003/" "Mozilla/5.0 (Windows NT 6.3; WOW64) AppleWebKit/537.36 (KHTML, like Gecko) Chrome/50.0.2661.102 Safari/537.36"
::1 - - [Wed, 25 May 2016 02:37:50 GMT] "GET /controllers/room.js HTTP/1.1" 200 1148 "http://localhost:3003/" "Mozilla/5.0 (Windows NT 6.3; WOW64) AppleWebKit/537.36 (KHTML, like Gecko) Chrome/50.0.2661.102 Safari/537.36"
::1 - - [Wed, 25 May 2016 02:37:50 GMT] "GET /controllers/rooms.js HTTP/1.1" 200 1087 "http://localhost:3003/" "Mozilla/5.0 (Windows NT 6.3; WOW64) AppleWebKit/537.36 (KHTML, like Gecko) Chrome/50.0.2661.102 Safari/537.36"
::1 - - [Wed, 25 May 2016 02:37:50 GMT] "GET /components/bootstrap/dist/css/bootstrap.css.map HTTP/1.1" 200 389227 "-" "Mozilla/5.0 (Windows NT 6.3; WOW64) AppleWebKit/537.36 (KHTML, like Gecko) Chrome/50.0.2661.102 Safari/537.36"
::1 - - [Wed, 25 May 2016 02:37:50 GMT] "GET /components/angular/angular.js HTTP/1.1" 200 1129066 "http://localhost:3003/" "Mozilla/5.0 (Windows NT 6.3; WOW64) AppleWebKit/537.36 (KHTML, like Gecko) Chrome/50.0.2661.102 Safari/537.36"
::1 - - [Wed, 25 May 2016 02:37:50 GMT] "GET /components/angular-route/angular-route.min.js.map HTTP/1.1" 200 11436 "-" "Mozilla/5.0 (Windows NT 6.3; WOW64) AppleWebKit/537.36 (KHTML, like Gecko) Chrome/50.0.2661.102 Safari/537.36"
::1 - - [Wed, 25 May 2016 02:37:50 GMT] "GET /components/angular-moment/angular-moment.min.js.map HTTP/1.1" 200 6722 "-" "Mozilla/5.0 (Windows NT 6.3; WOW64) AppleWebKit/537.36 (KHTML, like Gecko) Chrome/50.0.2661.102 Safari/537.36"
::1 - - [Wed, 25 May 2016 02:37:50 GMT] "GET /api/validate HTTP/1.1" 401 4 "http://localhost:3003/" "Mozilla/5.0 (Windows NT 6.3; WOW64) AppleWebKit/537.36 (KHTML, like Gecko) Chrome/50.0.2661.102 Safari/537.36"
::1 - - [Wed, 25 May 2016 02:37:51 GMT] "GET /pages/login.html HTTP/1.1" 200 331 "http://localhost:3003/login" "Mozilla/5.0 (Windows NT 6.3; WOW64) AppleWebKit/537.36 (KHTML, like Gecko) Chrome/50.0.2661.102 Safari/537.36"
::1 - - [Wed, 25 May 2016 02:38:00 GMT] "POST /api/login HTTP/1.1" 200 188 "http://localhost:3003/login" "Mozilla/5.0 (Windows NT 6.3; WOW64) AppleWebKit/537.36 (KHTML, like Gecko) Chrome/50.0.2661.102 Safari/537.36"
::1 - - [Wed, 25 May 2016 02:38:00 GMT] "GET /pages/rooms.html HTTP/1.1" 200 6266 "http://localhost:3003/rooms" "Mozilla/5.0 (Windows NT 6.3; WOW64) AppleWebKit/537.36 (KHTML, like Gecko) Chrome/50.0.2661.102 Safari/537.36"
::1 - - [Wed, 25 May 2016 02:38:00 GMT] "GET /%7B%7Buser.avatarUrl%7D%7D HTTP/1.1" 200 4615 "http://localhost:3003/rooms" "Mozilla/5.0 (Windows NT 6.3; WOW64) AppleWebKit/537.36 (KHTML, like Gecko) Chrome/50.0.2661.102 Safari/537.36"
::1 - - [Wed, 25 May 2016 02:39:06 GMT] "GET /rooms HTTP/1.1" 200 4615 "-" "Mozilla/5.0 (Windows NT 6.3; WOW64) AppleWebKit/537.36 (KHTML, like Gecko) Chrome/50.0.2661.102 Safari/537.36"
::1 - - [Wed, 25 May 2016 02:39:06 GMT] "GET /styles/room.css HTTP/1.1" 304 - "http://localhost:3003/rooms" "Mozilla/5.0 (Windows NT 6.3; WOW64) AppleWebKit/537.36 (KHTML, like Gecko) Chrome/50.0.2661.102 Safari/537.36"
::1 - - [Wed, 25 May 2016 02:39:06 GMT] "GET /components/bootstrap/dist/css/bootstrap.css HTTP/1.1" 304 - "http://localhost:3003/rooms" "Mozilla/5.0 (Windows NT 6.3; WOW64) AppleWebKit/537.36 (KHTML, like Gecko) Chrome/50.0.2661.102 Safari/537.36"
::1 - - [Wed, 25 May 2016 02:39:06 GMT] "GET /charts/echarts.min.js HTTP/1.1" 304 - "http://localhost:3003/rooms" "Mozilla/5.0 (Windows NT 6.3; WOW64) AppleWebKit/537.36 (KHTML, like Gecko) Chrome/50.0.2661.102 Safari/537.36"
::1 - - [Wed, 25 May 2016 02:39:06 GMT] "GET /components/jquery/dist/jquery.js HTTP/1.1" 304 - "http://localhost:3003/rooms" "Mozilla/5.0 (Windows NT 6.3; WOW64) AppleWebKit/537.36 (KHTML, like Gecko) Chrome/50.0.2661.102 Safari/537.36"
::1 - - [Wed, 25 May 2016 02:39:06 GMT] "GET /components/bootstrap/dist/js/bootstrap.js HTTP/1.1" 304 - "http://localhost:3003/rooms" "Mozilla/5.0 (Windows NT 6.3; WOW64) AppleWebKit/537.36 (KHTML, like Gecko) Chrome/50.0.2661.102 Safari/537.36"
::1 - - [Wed, 25 May 2016 02:39:06 GMT] "GET /components/angular/angular.js HTTP/1.1" 304 - "http://localhost:3003/rooms" "Mozilla/5.0 (Windows NT 6.3; WOW64) AppleWebKit/537.36 (KHTML, like Gecko) Chrome/50.0.2661.102 Safari/537.36"
::1 - - [Wed, 25 May 2016 02:39:06 GMT] "GET /components/moment/moment.js HTTP/1.1" 304 - "http://localhost:3003/rooms" "Mozilla/5.0 (Windows NT 6.3; WOW64) AppleWebKit/537.36 (KHTML, like Gecko) Chrome/50.0.2661.102 Safari/537.36"
::1 - - [Wed, 25 May 2016 02:39:06 GMT] "GET /components/angular-route/angular-route.min.js HTTP/1.1" 304 - "http://localhost:3003/rooms" "Mozilla/5.0 (Windows NT 6.3; WOW64) AppleWebKit/537.36 (KHTML, like Gecko) Chrome/50.0.2661.102 Safari/537.36"
::1 - - [Wed, 25 May 2016 02:39:06 GMT] "GET /components/angular-moment/angular-moment.min.js HTTP/1.1" 304 - "http://localhost:3003/rooms" "Mozilla/5.0 (Windows NT 6.3; WOW64) AppleWebKit/537.36 (KHTML, like Gecko) Chrome/50.0.2661.102 Safari/537.36"
::1 - - [Wed, 25 May 2016 02:39:06 GMT] "GET /components/moment/locale/zh-cn.js HTTP/1.1" 304 - "http://localhost:3003/rooms" "Mozilla/5.0 (Windows NT 6.3; WOW64) AppleWebKit/537.36 (KHTML, like Gecko) Chrome/50.0.2661.102 Safari/537.36"
::1 - - [Wed, 25 May 2016 02:39:06 GMT] "GET /chatRoom.js HTTP/1.1" 304 - "http://localhost:3003/rooms" "Mozilla/5.0 (Windows NT 6.3; WOW64) AppleWebKit/537.36 (KHTML, like Gecko) Chrome/50.0.2661.102 Safari/537.36"
::1 - - [Wed, 25 May 2016 02:39:06 GMT] "GET /router.js HTTP/1.1" 304 - "http://localhost:3003/rooms" "Mozilla/5.0 (Windows NT 6.3; WOW64) AppleWebKit/537.36 (KHTML, like Gecko) Chrome/50.0.2661.102 Safari/537.36"
::1 - - [Wed, 25 May 2016 02:39:06 GMT] "GET /services/socket.js HTTP/1.1" 304 - "http://localhost:3003/rooms" "Mozilla/5.0 (Windows NT 6.3; WOW64) AppleWebKit/537.36 (KHTML, like Gecko) Chrome/50.0.2661.102 Safari/537.36"
::1 - - [Wed, 25 May 2016 02:39:06 GMT] "GET /charts/force.js HTTP/1.1" 304 - "http://localhost:3003/rooms" "Mozilla/5.0 (Windows NT 6.3; WOW64) AppleWebKit/537.36 (KHTML, like Gecko) Chrome/50.0.2661.102 Safari/537.36"
::1 - - [Wed, 25 May 2016 02:39:06 GMT] "GET /charts/sensorData.js HTTP/1.1" 304 - "http://localhost:3003/rooms" "Mozilla/5.0 (Windows NT 6.3; WOW64) AppleWebKit/537.36 (KHTML, like Gecko) Chrome/50.0.2661.102 Safari/537.36"
::1 - - [Wed, 25 May 2016 02:39:06 GMT] "GET /directives/auto-scroll-to-bottom.js HTTP/1.1" 304 - "http://localhost:3003/rooms" "Mozilla/5.0 (Windows NT 6.3; WOW64) AppleWebKit/537.36 (KHTML, like Gecko) Chrome/50.0.2661.102 Safari/537.36"
::1 - - [Wed, 25 May 2016 02:39:06 GMT] "GET /directives/ctrl-enter-break-line.js HTTP/1.1" 304 - "http://localhost:3003/rooms" "Mozilla/5.0 (Windows NT 6.3; WOW64) AppleWebKit/537.36 (KHTML, like Gecko) Chrome/50.0.2661.102 Safari/537.36"
::1 - - [Wed, 25 May 2016 02:39:06 GMT] "GET /controllers/login.js HTTP/1.1" 304 - "http://localhost:3003/rooms" "Mozilla/5.0 (Windows NT 6.3; WOW64) AppleWebKit/537.36 (KHTML, like Gecko) Chrome/50.0.2661.102 Safari/537.36"
::1 - - [Wed, 25 May 2016 02:39:06 GMT] "GET /controllers/room.js HTTP/1.1" 304 - "http://localhost:3003/rooms" "Mozilla/5.0 (Windows NT 6.3; WOW64) AppleWebKit/537.36 (KHTML, like Gecko) Chrome/50.0.2661.102 Safari/537.36"
::1 - - [Wed, 25 May 2016 02:39:06 GMT] "GET /controllers/rooms.js HTTP/1.1" 304 - "http://localhost:3003/rooms" "Mozilla/5.0 (Windows NT 6.3; WOW64) AppleWebKit/537.36 (KHTML, like Gecko) Chrome/50.0.2661.102 Safari/537.36"
::1 - - [Wed, 25 May 2016 02:39:06 GMT] "GET /controllers/message-creator.js HTTP/1.1" 304 - "http://localhost:3003/rooms" "Mozilla/5.0 (Windows NT 6.3; WOW64) AppleWebKit/537.36 (KHTML, like Gecko) Chrome/50.0.2661.102 Safari/537.36"
::1 - - [Wed, 25 May 2016 02:39:06 GMT] "GET /components/bootstrap/dist/css/bootstrap.css.map HTTP/1.1" 304 - "-" "Mozilla/5.0 (Windows NT 6.3; WOW64) AppleWebKit/537.36 (KHTML, like Gecko) Chrome/50.0.2661.102 Safari/537.36"
::1 - - [Wed, 25 May 2016 02:39:07 GMT] "GET /components/angular-route/angular-route.min.js.map HTTP/1.1" 304 - "-" "Mozilla/5.0 (Windows NT 6.3; WOW64) AppleWebKit/537.36 (KHTML, like Gecko) Chrome/50.0.2661.102 Safari/537.36"
::1 - - [Wed, 25 May 2016 02:39:07 GMT] "GET /components/angular-moment/angular-moment.min.js.map HTTP/1.1" 304 - "-" "Mozilla/5.0 (Windows NT 6.3; WOW64) AppleWebKit/537.36 (KHTML, like Gecko) Chrome/50.0.2661.102 Safari/537.36"
::1 - - [Wed, 25 May 2016 02:39:07 GMT] "GET /api/validate HTTP/1.1" 200 189 "http://localhost:3003/rooms" "Mozilla/5.0 (Windows NT 6.3; WOW64) AppleWebKit/537.36 (KHTML, like Gecko) Chrome/50.0.2661.102 Safari/537.36"
::1 - - [Wed, 25 May 2016 02:39:07 GMT] "GET /pages/rooms.html HTTP/1.1" 304 - "http://localhost:3003/rooms" "Mozilla/5.0 (Windows NT 6.3; WOW64) AppleWebKit/537.36 (KHTML, like Gecko) Chrome/50.0.2661.102 Safari/537.36"
::1 - - [Wed, 25 May 2016 02:39:07 GMT] "GET /%7B%7Buser.avatarUrl%7D%7D HTTP/1.1" 304 - "http://localhost:3003/rooms" "Mozilla/5.0 (Windows NT 6.3; WOW64) AppleWebKit/537.36 (KHTML, like Gecko) Chrome/50.0.2661.102 Safari/537.36"
::1 - - [Wed, 25 May 2016 02:40:17 GMT] "GET /rooms HTTP/1.1" 304 - "-" "Mozilla/5.0 (Windows NT 6.3; WOW64) AppleWebKit/537.36 (KHTML, like Gecko) Chrome/50.0.2661.102 Safari/537.36"
::1 - - [Wed, 25 May 2016 02:40:17 GMT] "GET /components/bootstrap/dist/css/bootstrap.css HTTP/1.1" 304 - "http://localhost:3003/rooms" "Mozilla/5.0 (Windows NT 6.3; WOW64) AppleWebKit/537.36 (KHTML, like Gecko) Chrome/50.0.2661.102 Safari/537.36"
::1 - - [Wed, 25 May 2016 02:40:17 GMT] "GET /styles/room.css HTTP/1.1" 304 - "http://localhost:3003/rooms" "Mozilla/5.0 (Windows NT 6.3; WOW64) AppleWebKit/537.36 (KHTML, like Gecko) Chrome/50.0.2661.102 Safari/537.36"
::1 - - [Wed, 25 May 2016 02:40:17 GMT] "GET /charts/echarts.min.js HTTP/1.1" 304 - "http://localhost:3003/rooms" "Mozilla/5.0 (Windows NT 6.3; WOW64) AppleWebKit/537.36 (KHTML, like Gecko) Chrome/50.0.2661.102 Safari/537.36"
::1 - - [Wed, 25 May 2016 02:40:17 GMT] "GET /components/jquery/dist/jquery.js HTTP/1.1" 304 - "http://localhost:3003/rooms" "Mozilla/5.0 (Windows NT 6.3; WOW64) AppleWebKit/537.36 (KHTML, like Gecko) Chrome/50.0.2661.102 Safari/537.36"
::1 - - [Wed, 25 May 2016 02:40:17 GMT] "GET /components/bootstrap/dist/js/bootstrap.js HTTP/1.1" 304 - "http://localhost:3003/rooms" "Mozilla/5.0 (Windows NT 6.3; WOW64) AppleWebKit/537.36 (KHTML, like Gecko) Chrome/50.0.2661.102 Safari/537.36"
::1 - - [Wed, 25 May 2016 02:40:17 GMT] "GET /components/angular/angular.js HTTP/1.1" 304 - "http://localhost:3003/rooms" "Mozilla/5.0 (Windows NT 6.3; WOW64) AppleWebKit/537.36 (KHTML, like Gecko) Chrome/50.0.2661.102 Safari/537.36"
::1 - - [Wed, 25 May 2016 02:40:17 GMT] "GET /components/angular-route/angular-route.min.js HTTP/1.1" 304 - "http://localhost:3003/rooms" "Mozilla/5.0 (Windows NT 6.3; WOW64) AppleWebKit/537.36 (KHTML, like Gecko) Chrome/50.0.2661.102 Safari/537.36"
::1 - - [Wed, 25 May 2016 02:40:17 GMT] "GET /components/moment/moment.js HTTP/1.1" 304 - "http://localhost:3003/rooms" "Mozilla/5.0 (Windows NT 6.3; WOW64) AppleWebKit/537.36 (KHTML, like Gecko) Chrome/50.0.2661.102 Safari/537.36"
::1 - - [Wed, 25 May 2016 02:40:17 GMT] "GET /components/angular-moment/angular-moment.min.js HTTP/1.1" 304 - "http://localhost:3003/rooms" "Mozilla/5.0 (Windows NT 6.3; WOW64) AppleWebKit/537.36 (KHTML, like Gecko) Chrome/50.0.2661.102 Safari/537.36"
::1 - - [Wed, 25 May 2016 02:40:17 GMT] "GET /components/moment/locale/zh-cn.js HTTP/1.1" 304 - "http://localhost:3003/rooms" "Mozilla/5.0 (Windows NT 6.3; WOW64) AppleWebKit/537.36 (KHTML, like Gecko) Chrome/50.0.2661.102 Safari/537.36"
::1 - - [Wed, 25 May 2016 02:40:17 GMT] "GET /chatRoom.js HTTP/1.1" 304 - "http://localhost:3003/rooms" "Mozilla/5.0 (Windows NT 6.3; WOW64) AppleWebKit/537.36 (KHTML, like Gecko) Chrome/50.0.2661.102 Safari/537.36"
::1 - - [Wed, 25 May 2016 02:40:17 GMT] "GET /router.js HTTP/1.1" 304 - "http://localhost:3003/rooms" "Mozilla/5.0 (Windows NT 6.3; WOW64) AppleWebKit/537.36 (KHTML, like Gecko) Chrome/50.0.2661.102 Safari/537.36"
::1 - - [Wed, 25 May 2016 02:40:17 GMT] "GET /services/socket.js HTTP/1.1" 304 - "http://localhost:3003/rooms" "Mozilla/5.0 (Windows NT 6.3; WOW64) AppleWebKit/537.36 (KHTML, like Gecko) Chrome/50.0.2661.102 Safari/537.36"
::1 - - [Wed, 25 May 2016 02:40:17 GMT] "GET /charts/force.js HTTP/1.1" 304 - "http://localhost:3003/rooms" "Mozilla/5.0 (Windows NT 6.3; WOW64) AppleWebKit/537.36 (KHTML, like Gecko) Chrome/50.0.2661.102 Safari/537.36"
::1 - - [Wed, 25 May 2016 02:40:17 GMT] "GET /charts/sensorData.js HTTP/1.1" 304 - "http://localhost:3003/rooms" "Mozilla/5.0 (Windows NT 6.3; WOW64) AppleWebKit/537.36 (KHTML, like Gecko) Chrome/50.0.2661.102 Safari/537.36"
::1 - - [Wed, 25 May 2016 02:40:17 GMT] "GET /directives/auto-scroll-to-bottom.js HTTP/1.1" 304 - "http://localhost:3003/rooms" "Mozilla/5.0 (Windows NT 6.3; WOW64) AppleWebKit/537.36 (KHTML, like Gecko) Chrome/50.0.2661.102 Safari/537.36"
::1 - - [Wed, 25 May 2016 02:40:17 GMT] "GET /directives/ctrl-enter-break-line.js HTTP/1.1" 304 - "http://localhost:3003/rooms" "Mozilla/5.0 (Windows NT 6.3; WOW64) AppleWebKit/537.36 (KHTML, like Gecko) Chrome/50.0.2661.102 Safari/537.36"
::1 - - [Wed, 25 May 2016 02:40:17 GMT] "GET /controllers/login.js HTTP/1.1" 304 - "http://localhost:3003/rooms" "Mozilla/5.0 (Windows NT 6.3; WOW64) AppleWebKit/537.36 (KHTML, like Gecko) Chrome/50.0.2661.102 Safari/537.36"
::1 - - [Wed, 25 May 2016 02:40:17 GMT] "GET /controllers/room.js HTTP/1.1" 304 - "http://localhost:3003/rooms" "Mozilla/5.0 (Windows NT 6.3; WOW64) AppleWebKit/537.36 (KHTML, like Gecko) Chrome/50.0.2661.102 Safari/537.36"
::1 - - [Wed, 25 May 2016 02:40:17 GMT] "GET /controllers/rooms.js HTTP/1.1" 304 - "http://localhost:3003/rooms" "Mozilla/5.0 (Windows NT 6.3; WOW64) AppleWebKit/537.36 (KHTML, like Gecko) Chrome/50.0.2661.102 Safari/537.36"
::1 - - [Wed, 25 May 2016 02:40:17 GMT] "GET /controllers/message-creator.js HTTP/1.1" 304 - "http://localhost:3003/rooms" "Mozilla/5.0 (Windows NT 6.3; WOW64) AppleWebKit/537.36 (KHTML, like Gecko) Chrome/50.0.2661.102 Safari/537.36"
::1 - - [Wed, 25 May 2016 02:40:17 GMT] "GET /components/bootstrap/dist/css/bootstrap.css.map HTTP/1.1" 304 - "-" "Mozilla/5.0 (Windows NT 6.3; WOW64) AppleWebKit/537.36 (KHTML, like Gecko) Chrome/50.0.2661.102 Safari/537.36"
::1 - - [Wed, 25 May 2016 02:40:17 GMT] "GET /components/angular-route/angular-route.min.js.map HTTP/1.1" 304 - "-" "Mozilla/5.0 (Windows NT 6.3; WOW64) AppleWebKit/537.36 (KHTML, like Gecko) Chrome/50.0.2661.102 Safari/537.36"
::1 - - [Wed, 25 May 2016 02:40:17 GMT] "GET /components/angular-moment/angular-moment.min.js.map HTTP/1.1" 304 - "-" "Mozilla/5.0 (Windows NT 6.3; WOW64) AppleWebKit/537.36 (KHTML, like Gecko) Chrome/50.0.2661.102 Safari/537.36"
::1 - - [Wed, 25 May 2016 02:40:17 GMT] "GET /api/validate HTTP/1.1" 304 - "http://localhost:3003/rooms" "Mozilla/5.0 (Windows NT 6.3; WOW64) AppleWebKit/537.36 (KHTML, like Gecko) Chrome/50.0.2661.102 Safari/537.36"
::1 - - [Wed, 25 May 2016 02:40:17 GMT] "GET /pages/rooms.html HTTP/1.1" 304 - "http://localhost:3003/rooms" "Mozilla/5.0 (Windows NT 6.3; WOW64) AppleWebKit/537.36 (KHTML, like Gecko) Chrome/50.0.2661.102 Safari/537.36"
::1 - - [Wed, 25 May 2016 02:40:17 GMT] "GET /%7B%7Buser.avatarUrl%7D%7D HTTP/1.1" 304 - "http://localhost:3003/rooms" "Mozilla/5.0 (Windows NT 6.3; WOW64) AppleWebKit/537.36 (KHTML, like Gecko) Chrome/50.0.2661.102 Safari/537.36"
::1 - - [Thu, 26 May 2016 13:00:14 GMT] "GET / HTTP/1.1" 500 2140 "-" "Mozilla/5.0 (Windows NT 6.3; WOW64) AppleWebKit/537.36 (KHTML, like Gecko) Chrome/50.0.2661.102 Safari/537.36"
::1 - - [Thu, 26 May 2016 13:00:14 GMT] "GET /favicon.ico HTTP/1.1" 500 2140 "http://localhost:3003/" "Mozilla/5.0 (Windows NT 6.3; WOW64) AppleWebKit/537.36 (KHTML, like Gecko) Chrome/50.0.2661.102 Safari/537.36"
